2024-12-27T01:57:11.148-05:00  INFO 4184 --- [demo 2] [restartedMain] com.example.project_1.MainApplication    : Starting MainApplication using Java 23.0.1 with PID 4184 (/Users/davidahn/revature_training/David-Ahn-project-1-React-Spring/backend/target/classes started by davidahn in /Users/davidahn/revature_training/David-Ahn-project-1-React-Spring/backend)
2024-12-27T01:57:11.159-05:00 DEBUG 4184 --- [demo 2] [restartedMain] com.example.project_1.MainApplication    : Running with Spring Boot v3.4.0, Spring v6.2.0
2024-12-27T01:57:11.160-05:00  INFO 4184 --- [demo 2] [restartedMain] com.example.project_1.MainApplication    : No active profile set, falling back to 1 default profile: "default"
2024-12-27T01:57:11.219-05:00  INFO 4184 --- [demo 2] [restartedMain] .e.DevToolsPropertyDefaultsPostProcessor : Devtools property defaults active! Set 'spring.devtools.add-properties' to 'false' to disable
2024-12-27T01:57:11.220-05:00  INFO 4184 --- [demo 2] [restartedMain] .e.DevToolsPropertyDefaultsPostProcessor : For additional web related logging consider setting the 'logging.level.web' property to 'DEBUG'
2024-12-27T01:57:11.976-05:00  INFO 4184 --- [demo 2] [restartedMain] .s.d.r.c.RepositoryConfigurationDelegate : Bootstrapping Spring Data JPA repositories in DEFAULT mode.
2024-12-27T01:57:12.068-05:00  INFO 4184 --- [demo 2] [restartedMain] .s.d.r.c.RepositoryConfigurationDelegate : Finished Spring Data repository scanning in 77 ms. Found 2 JPA repository interfaces.
2024-12-27T01:57:12.670-05:00  INFO 4184 --- [demo 2] [restartedMain] o.s.b.w.embedded.tomcat.TomcatWebServer  : Tomcat initialized with port 8080 (http)
2024-12-27T01:57:12.693-05:00  INFO 4184 --- [demo 2] [restartedMain] o.apache.catalina.core.StandardService   : Starting service [Tomcat]
2024-12-27T01:57:12.694-05:00  INFO 4184 --- [demo 2] [restartedMain] o.apache.catalina.core.StandardEngine    : Starting Servlet engine: [Apache Tomcat/10.1.33]
2024-12-27T01:57:12.736-05:00  INFO 4184 --- [demo 2] [restartedMain] o.a.c.c.C.[Tomcat].[localhost].[/]       : Initializing Spring embedded WebApplicationContext
2024-12-27T01:57:12.736-05:00  INFO 4184 --- [demo 2] [restartedMain] w.s.c.ServletWebServerApplicationContext : Root WebApplicationContext: initialization completed in 1516 ms
2024-12-27T01:57:12.796-05:00  INFO 4184 --- [demo 2] [restartedMain] com.zaxxer.hikari.HikariDataSource       : HikariPool-1 - Starting...
2024-12-27T01:57:13.576-05:00  INFO 4184 --- [demo 2] [restartedMain] com.zaxxer.hikari.pool.HikariPool        : HikariPool-1 - Added connection org.postgresql.jdbc.PgConnection@46724ef0
2024-12-27T01:57:13.578-05:00  INFO 4184 --- [demo 2] [restartedMain] com.zaxxer.hikari.HikariDataSource       : HikariPool-1 - Start completed.
2024-12-27T01:57:13.589-05:00  INFO 4184 --- [demo 2] [restartedMain] o.s.b.a.h2.H2ConsoleAutoConfiguration    : H2 console available at '/h2-console'. Database available at 'jdbc:postgresql://database-1.cneoguq8celc.us-east-2.rds.amazonaws.com:5432/postgres'
2024-12-27T01:57:13.652-05:00 DEBUG 4184 --- [demo 2] [restartedMain] o.springframework.web.filter.CorsFilter  : Filter 'corsFilter' configured for use
2024-12-27T01:57:13.750-05:00  INFO 4184 --- [demo 2] [restartedMain] o.hibernate.jpa.internal.util.LogHelper  : HHH000204: Processing PersistenceUnitInfo [name: default]
2024-12-27T01:57:13.831-05:00  INFO 4184 --- [demo 2] [restartedMain] org.hibernate.Version                    : HHH000412: Hibernate ORM core version 6.6.2.Final
2024-12-27T01:57:13.868-05:00  INFO 4184 --- [demo 2] [restartedMain] o.h.c.internal.RegionFactoryInitiator    : HHH000026: Second-level cache disabled
2024-12-27T01:57:14.181-05:00  INFO 4184 --- [demo 2] [restartedMain] o.s.o.j.p.SpringPersistenceUnitInfo      : No LoadTimeWeaver setup: ignoring JPA class transformer
2024-12-27T01:57:14.298-05:00  WARN 4184 --- [demo 2] [restartedMain] org.hibernate.orm.deprecation            : HHH90000025: PostgreSQLDialect does not need to be specified explicitly using 'hibernate.dialect' (remove the property setting and it will be selected by default)
2024-12-27T01:57:14.367-05:00  INFO 4184 --- [demo 2] [restartedMain] org.hibernate.orm.connections.pooling    : HHH10001005: Database info:
	Database JDBC URL [Connecting through datasource 'HikariDataSource (HikariPool-1)']
	Database driver: undefined/unknown
	Database version: 16.3
	Autocommit mode: undefined/unknown
	Isolation level: undefined/unknown
	Minimum pool size: undefined/unknown
	Maximum pool size: undefined/unknown
2024-12-27T01:57:15.275-05:00  INFO 4184 --- [demo 2] [restartedMain] o.h.e.t.j.p.i.JtaPlatformInitiator       : HHH000489: No JTA platform available (set 'hibernate.transaction.jta.platform' to enable JTA platform integration)
2024-12-27T01:57:15.466-05:00  INFO 4184 --- [demo 2] [restartedMain] j.LocalContainerEntityManagerFactoryBean : Initialized JPA EntityManagerFactory for persistence unit 'default'
2024-12-27T01:57:15.839-05:00  WARN 4184 --- [demo 2] [restartedMain] JpaBaseConfiguration$JpaWebConfiguration : spring.jpa.open-in-view is enabled by default. Therefore, database queries may be performed during view rendering. Explicitly configure spring.jpa.open-in-view to disable this warning
2024-12-27T01:57:15.940-05:00 DEBUG 4184 --- [demo 2] [restartedMain] s.w.s.m.m.a.RequestMappingHandlerMapping : 12 mappings in 'requestMappingHandlerMapping'
2024-12-27T01:57:16.025-05:00 DEBUG 4184 --- [demo 2] [restartedMain] o.s.w.s.handler.SimpleUrlHandlerMapping  : Patterns [/webjars/**, /**] in 'resourceHandlerMapping'
2024-12-27T01:57:16.062-05:00 DEBUG 4184 --- [demo 2] [restartedMain] s.w.s.m.m.a.RequestMappingHandlerAdapter : ControllerAdvice beans: 0 @ModelAttribute, 0 @InitBinder, 1 RequestBodyAdvice, 1 ResponseBodyAdvice
2024-12-27T01:57:16.113-05:00 DEBUG 4184 --- [demo 2] [restartedMain] .m.m.a.ExceptionHandlerExceptionResolver : ControllerAdvice beans: 0 @ExceptionHandler, 1 ResponseBodyAdvice
2024-12-27T01:57:16.202-05:00  INFO 4184 --- [demo 2] [restartedMain] o.s.b.d.a.OptionalLiveReloadServer       : LiveReload server is running on port 35729
2024-12-27T01:57:16.254-05:00  INFO 4184 --- [demo 2] [restartedMain] o.s.b.w.embedded.tomcat.TomcatWebServer  : Tomcat started on port 8080 (http) with context path '/'
2024-12-27T01:57:16.263-05:00  INFO 4184 --- [demo 2] [restartedMain] com.example.project_1.MainApplication    : Started MainApplication in 5.612 seconds (process running for 6.225)
2024-12-27T01:59:06.884-05:00  INFO 4184 --- [demo 2] [http-nio-8080-exec-1] o.a.c.c.C.[Tomcat].[localhost].[/]       : Initializing Spring DispatcherServlet 'dispatcherServlet'
2024-12-27T01:59:06.885-05:00  INFO 4184 --- [demo 2] [http-nio-8080-exec-1] o.s.web.servlet.DispatcherServlet        : Initializing Servlet 'dispatcherServlet'
2024-12-27T01:59:06.885-05:00 DEBUG 4184 --- [demo 2] [http-nio-8080-exec-1] o.s.web.servlet.DispatcherServlet        : Detected StandardServletMultipartResolver
2024-12-27T01:59:06.886-05:00 DEBUG 4184 --- [demo 2] [http-nio-8080-exec-1] o.s.web.servlet.DispatcherServlet        : Detected AcceptHeaderLocaleResolver
2024-12-27T01:59:06.886-05:00 DEBUG 4184 --- [demo 2] [http-nio-8080-exec-1] o.s.web.servlet.DispatcherServlet        : Detected FixedThemeResolver
2024-12-27T01:59:06.887-05:00 DEBUG 4184 --- [demo 2] [http-nio-8080-exec-1] o.s.web.servlet.DispatcherServlet        : Detected org.springframework.web.servlet.view.DefaultRequestToViewNameTranslator@4caaaf84
2024-12-27T01:59:06.888-05:00 DEBUG 4184 --- [demo 2] [http-nio-8080-exec-1] o.s.web.servlet.DispatcherServlet        : Detected org.springframework.web.servlet.support.SessionFlashMapManager@12a16655
2024-12-27T01:59:06.889-05:00 DEBUG 4184 --- [demo 2] [http-nio-8080-exec-1] o.s.web.servlet.DispatcherServlet        : enableLoggingRequestDetails='false': request parameters and headers will be masked to prevent unsafe logging of potentially sensitive data
2024-12-27T01:59:06.889-05:00  INFO 4184 --- [demo 2] [http-nio-8080-exec-1] o.s.web.servlet.DispatcherServlet        : Completed initialization in 4 ms
2024-12-27T01:59:06.941-05:00 DEBUG 4184 --- [demo 2] [http-nio-8080-exec-1] o.s.web.servlet.DispatcherServlet        : GET "/tickets/user/5", parameters={}
2024-12-27T01:59:06.957-05:00 DEBUG 4184 --- [demo 2] [http-nio-8080-exec-1] s.w.s.m.m.a.RequestMappingHandlerMapping : Mapped to com.example.project_1.controller.TicketController#getTicketsByUserId(Integer)
2024-12-27T01:59:07.296-05:00 DEBUG 4184 --- [demo 2] [http-nio-8080-exec-1] o.s.w.s.m.m.a.HttpEntityMethodProcessor  : Using 'application/json', given [application/json, text/plain, */*] and supported [application/json, application/*+json]
2024-12-27T01:59:07.298-05:00 DEBUG 4184 --- [demo 2] [http-nio-8080-exec-1] o.s.w.s.m.m.a.HttpEntityMethodProcessor  : Writing [[Ticket{ticketId=35, userId=5, amount=1.5, description='new ticket for me', status='PENDING', submis (truncated)...]
2024-12-27T01:59:07.370-05:00 DEBUG 4184 --- [demo 2] [http-nio-8080-exec-1] o.s.web.servlet.DispatcherServlet        : Completed 200 OK
2024-12-27T01:59:07.371-05:00 DEBUG 4184 --- [demo 2] [http-nio-8080-exec-2] o.s.web.servlet.DispatcherServlet        : GET "/tickets/user/5", parameters={}
2024-12-27T01:59:07.373-05:00 DEBUG 4184 --- [demo 2] [http-nio-8080-exec-2] s.w.s.m.m.a.RequestMappingHandlerMapping : Mapped to com.example.project_1.controller.TicketController#getTicketsByUserId(Integer)
2024-12-27T01:59:07.403-05:00 DEBUG 4184 --- [demo 2] [http-nio-8080-exec-2] o.s.w.s.m.m.a.HttpEntityMethodProcessor  : Using 'application/json', given [application/json, text/plain, */*] and supported [application/json, application/*+json]
2024-12-27T01:59:07.404-05:00 DEBUG 4184 --- [demo 2] [http-nio-8080-exec-2] o.s.w.s.m.m.a.HttpEntityMethodProcessor  : Writing [[Ticket{ticketId=35, userId=5, amount=1.5, description='new ticket for me', status='PENDING', submis (truncated)...]
2024-12-27T01:59:07.405-05:00 DEBUG 4184 --- [demo 2] [http-nio-8080-exec-2] o.s.web.servlet.DispatcherServlet        : Completed 200 OK
2024-12-27T01:59:26.202-05:00 DEBUG 4184 --- [demo 2] [http-nio-8080-exec-4] o.s.web.servlet.DispatcherServlet        : POST "/accounts/login", parameters={}
2024-12-27T01:59:26.203-05:00 DEBUG 4184 --- [demo 2] [http-nio-8080-exec-4] s.w.s.m.m.a.RequestMappingHandlerMapping : Mapped to com.example.project_1.controller.AccountController#loginAccount(Account)
2024-12-27T01:59:26.263-05:00 DEBUG 4184 --- [demo 2] [http-nio-8080-exec-4] m.m.a.RequestResponseBodyMethodProcessor : Read "application/json;charset=UTF-8" to [Account{accountId=null, username='jane_doe', password='password456', role=EMPLOYEE}]
2024-12-27T01:59:26.581-05:00 DEBUG 4184 --- [demo 2] [http-nio-8080-exec-4] o.s.w.s.m.m.a.HttpEntityMethodProcessor  : Using 'application/json', given [application/json, text/plain, */*] and supported [application/json, application/*+json]
2024-12-27T01:59:26.582-05:00 DEBUG 4184 --- [demo 2] [http-nio-8080-exec-4] o.s.w.s.m.m.a.HttpEntityMethodProcessor  : Writing [Account{accountId=2, username='jane_doe', password='password456', role=MANAGER}]
2024-12-27T01:59:26.584-05:00 DEBUG 4184 --- [demo 2] [http-nio-8080-exec-4] o.s.web.servlet.DispatcherServlet        : Completed 200 OK
2024-12-27T01:59:26.662-05:00 DEBUG 4184 --- [demo 2] [http-nio-8080-exec-5] o.s.web.servlet.DispatcherServlet        : GET "/tickets", parameters={}
2024-12-27T01:59:26.662-05:00 DEBUG 4184 --- [demo 2] [http-nio-8080-exec-5] s.w.s.m.m.a.RequestMappingHandlerMapping : Mapped to com.example.project_1.controller.TicketController#getAllTickets()
2024-12-27T01:59:26.942-05:00 DEBUG 4184 --- [demo 2] [http-nio-8080-exec-5] o.s.w.s.m.m.a.HttpEntityMethodProcessor  : Using 'application/json', given [application/json, text/plain, */*] and supported [application/json, application/*+json]
2024-12-27T01:59:26.943-05:00 DEBUG 4184 --- [demo 2] [http-nio-8080-exec-5] o.s.w.s.m.m.a.HttpEntityMethodProcessor  : Writing [[Ticket{ticketId=2, userId=2, amount=250.0, description='Office supplies reimbursement', status='APP (truncated)...]
2024-12-27T01:59:26.945-05:00 DEBUG 4184 --- [demo 2] [http-nio-8080-exec-5] o.s.web.servlet.DispatcherServlet        : Completed 200 OK
2024-12-27T01:59:26.946-05:00 DEBUG 4184 --- [demo 2] [http-nio-8080-exec-6] o.s.web.servlet.DispatcherServlet        : GET "/tickets", parameters={}
2024-12-27T01:59:26.947-05:00 DEBUG 4184 --- [demo 2] [http-nio-8080-exec-6] s.w.s.m.m.a.RequestMappingHandlerMapping : Mapped to com.example.project_1.controller.TicketController#getAllTickets()
2024-12-27T01:59:27.007-05:00 DEBUG 4184 --- [demo 2] [http-nio-8080-exec-6] o.s.w.s.m.m.a.HttpEntityMethodProcessor  : Using 'application/json', given [application/json, text/plain, */*] and supported [application/json, application/*+json]
2024-12-27T01:59:27.008-05:00 DEBUG 4184 --- [demo 2] [http-nio-8080-exec-6] o.s.w.s.m.m.a.HttpEntityMethodProcessor  : Writing [[Ticket{ticketId=2, userId=2, amount=250.0, description='Office supplies reimbursement', status='APP (truncated)...]
2024-12-27T01:59:27.014-05:00 DEBUG 4184 --- [demo 2] [http-nio-8080-exec-6] o.s.web.servlet.DispatcherServlet        : Completed 200 OK
2024-12-27T01:59:51.398-05:00 DEBUG 4184 --- [demo 2] [http-nio-8080-exec-8] o.s.web.servlet.DispatcherServlet        : PUT "/tickets/17", parameters={}
2024-12-27T01:59:51.399-05:00 DEBUG 4184 --- [demo 2] [http-nio-8080-exec-8] s.w.s.m.m.a.RequestMappingHandlerMapping : Mapped to com.example.project_1.controller.TicketController#updateTicket(Integer, Ticket)
2024-12-27T01:59:51.404-05:00 DEBUG 4184 --- [demo 2] [http-nio-8080-exec-8] m.m.a.RequestResponseBodyMethodProcessor : Read "application/json;charset=UTF-8" to [Ticket{ticketId=null, userId=null, amount=null, description='null', status='DENIED', submissionDate= (truncated)...]
2024-12-27T01:59:51.631-05:00 DEBUG 4184 --- [demo 2] [http-nio-8080-exec-8] o.s.w.s.m.m.a.HttpEntityMethodProcessor  : Using 'application/json', given [application/json, text/plain, */*] and supported [application/json, application/*+json]
2024-12-27T01:59:51.632-05:00 DEBUG 4184 --- [demo 2] [http-nio-8080-exec-8] o.s.w.s.m.m.a.HttpEntityMethodProcessor  : Writing [Ticket{ticketId=17, userId=1, amount=0.0, description='chenpo ', status='DENIED', submissionDate=202 (truncated)...]
2024-12-27T01:59:51.634-05:00 DEBUG 4184 --- [demo 2] [http-nio-8080-exec-8] o.s.web.servlet.DispatcherServlet        : Completed 200 OK
